[debug] [2021-01-03T16:26:16.121Z] ----------------------------------------------------------------------
[debug] [2021-01-03T16:26:16.124Z] Command:       /usr/bin/node /usr/local/bin/firebase deploy
[debug] [2021-01-03T16:26:16.124Z] CLI Version:   9.1.0
[debug] [2021-01-03T16:26:16.125Z] Platform:      linux
[debug] [2021-01-03T16:26:16.125Z] Node Version:  v10.19.0
[debug] [2021-01-03T16:26:16.125Z] Time:          Sun Jan 03 2021 21:56:16 GMT+0530 (India Standard Time)
[debug] [2021-01-03T16:26:16.125Z] ----------------------------------------------------------------------
[debug] [2021-01-03T16:26:16.125Z] 
[debug] [2021-01-03T16:26:16.135Z] > command requires scopes: ["email","openid","https://www.googleapis.com/auth/cloudplatformprojects.readonly","https://www.googleapis.com/auth/firebase","https://www.googleapis.com/auth/cloud-platform"]
[debug] [2021-01-03T16:26:16.135Z] > authorizing via signed-in user
[debug] [2021-01-03T16:26:16.135Z] [iam] checking project time-table-58e18 for permissions ["firebase.projects.get","firebasehosting.sites.update"]
[debug] [2021-01-03T16:26:16.140Z] >>> HTTP REQUEST POST https://cloudresourcemanager.googleapis.com/v1/projects/time-table-58e18:testIamPermissions  
 {"permissions":["firebase.projects.get","firebasehosting.sites.update"]}
[debug] [2021-01-03T16:26:18.187Z] <<< HTTP RESPONSE 200 {"content-type":"application/json; charset=UTF-8","vary":"X-Origin, Referer, Origin,Accept-Encoding","date":"Sun, 03 Jan 2021 16:26:17 GMT","server":"ESF","cache-control":"private","x-xss-protection":"0","x-frame-options":"SAMEORIGIN","x-content-type-options":"nosniff","server-timing":"gfet4t7; dur=1165","alt-svc":"h3-29=\":443\"; ma=2592000,h3-T051=\":443\"; ma=2592000,h3-Q050=\":443\"; ma=2592000,h3-Q046=\":443\"; ma=2592000,h3-Q043=\":443\"; ma=2592000,quic=\":443\"; ma=2592000; v=\"46,43\"","accept-ranges":"none","transfer-encoding":"chunked"}
[debug] [2021-01-03T16:26:18.196Z] >>> HTTP REQUEST GET https://firebase.googleapis.com/v1beta1/projects/time-table-58e18  
 
[debug] [2021-01-03T16:26:19.251Z] <<< HTTP RESPONSE 200 {"content-type":"application/json; charset=UTF-8","vary":"X-Origin, Referer, Origin,Accept-Encoding","date":"Sun, 03 Jan 2021 16:26:19 GMT","server":"ESF","cache-control":"private","x-xss-protection":"0","x-frame-options":"SAMEORIGIN","x-content-type-options":"nosniff","alt-svc":"h3-29=\":443\"; ma=2592000,h3-T051=\":443\"; ma=2592000,h3-Q050=\":443\"; ma=2592000,h3-Q046=\":443\"; ma=2592000,h3-Q043=\":443\"; ma=2592000,quic=\":443\"; ma=2592000; v=\"46,43\"","accept-ranges":"none","transfer-encoding":"chunked"}
[info] 
[info] === Deploying to 'time-table-58e18'...
[info] 
[info] i  deploying hosting 
[debug] [2021-01-03T16:26:19.274Z] >>> HTTP REQUEST POST https://firebasehosting.googleapis.com/v1beta1/sites/time-table-58e18/versions  
 {"config":{"rewrites":[{"glob":"**","path":"/index.html"}]},"labels":{"deployment-tool":"cli-firebase"}}
[debug] [2021-01-03T16:26:22.109Z] <<< HTTP RESPONSE 200 {"content-type":"application/json; charset=UTF-8","vary":"X-Origin, Referer, Origin,Accept-Encoding","date":"Sun, 03 Jan 2021 16:26:21 GMT","server":"ESF","cache-control":"private","x-xss-protection":"0","x-frame-options":"SAMEORIGIN","x-content-type-options":"nosniff","alt-svc":"h3-29=\":443\"; ma=2592000,h3-T051=\":443\"; ma=2592000,h3-Q050=\":443\"; ma=2592000,h3-Q046=\":443\"; ma=2592000,h3-Q043=\":443\"; ma=2592000,quic=\":443\"; ma=2592000; v=\"46,43\"","accept-ranges":"none","transfer-encoding":"chunked"}
[info] i  hosting[time-table-58e18]: beginning deploy... 
[info] i  hosting[time-table-58e18]: found 20 files in build 
[debug] [2021-01-03T16:26:22.152Z] [hosting] hash cache [YnVpbGQ] not populated
[debug] [2021-01-03T16:26:23.593Z] > refreshing access token with scopes: []
[debug] [2021-01-03T16:26:23.594Z] >>> HTTP REQUEST POST https://www.googleapis.com/oauth2/v3/token  
 <request body omitted>
[debug] [2021-01-03T16:26:23.597Z] [hosting] hash cache [YnVpbGQ] stored for 20 files
[debug] [2021-01-03T16:26:23.599Z] [hosting][hash queue][FINAL] {"max":1431,"min":24,"avg":110.2,"active":0,"complete":20,"success":20,"errored":0,"retried":0,"total":20,"elapsed":1446}
[debug] [2021-01-03T16:26:24.825Z] <<< HTTP RESPONSE 200 {"pragma":"no-cache","cache-control":"no-cache, no-store, max-age=0, must-revalidate","date":"Sun, 03 Jan 2021 16:26:24 GMT","expires":"Mon, 01 Jan 1990 00:00:00 GMT","content-type":"application/json; charset=utf-8","vary":"X-Origin, Referer, Origin,Accept-Encoding","server":"scaffolding on HTTPServer2","x-xss-protection":"0","x-frame-options":"SAMEORIGIN","x-content-type-options":"nosniff","alt-svc":"h3-29=\":443\"; ma=2592000,h3-T051=\":443\"; ma=2592000,h3-Q050=\":443\"; ma=2592000,h3-Q046=\":443\"; ma=2592000,h3-Q043=\":443\"; ma=2592000,quic=\":443\"; ma=2592000; v=\"46,43\"","accept-ranges":"none","transfer-encoding":"chunked"}
[debug] [2021-01-03T16:26:24.897Z] >>> [apiv2][query] POST https://firebasehosting.googleapis.com/v1beta1/sites/time-table-58e18/versions/6e3182f5878a8571:populateFiles [none]
[debug] [2021-01-03T16:26:24.898Z] >>> [apiv2][body] POST https://firebasehosting.googleapis.com/v1beta1/sites/time-table-58e18/versions/6e3182f5878a8571:populateFiles {"files":{"/asset-manifest.json":"def8fcfcc2d3ad87ed5937fcd2cd4b92f72bf2e887e85cdd015df7d2f466632b","/favicon.ico":"c599b7a91ab3627e3538125d9f40adc2d4bf949046984262670545dc7738af06","/index.html":"654239937648e4cf870825a6cbaa4e32c3a844921a410177c1ab8a870e057605","/logo192.png":"76c449ccb9cd117c2f2338f091b18f7050f3210e249b2228f5c81b23f34377cd","/manifest.json":"0958a5e0c831126100c8c2d06a6bbaa665a3900f21aaff4130238a6f5a113aa1","/robots.txt":"2544ca049f223a42bff01f72ad930a5edba75bbb7199d0f8430a02ff5aca16ec","/logo512.png":"7779210d56c1f3741e2e487799fe3092def4fa6ac450a60532b807c3a8971205","/static/css/main.2aaf94cc.chunk.css":"3e9c4c1793978bbe5cd7d430f8f1bf93b326ac7048de629c14ffb505844ef1f5","/static/css/main.2aaf94cc.chunk.css.map":"929224df5b20ab039f5fe77852ba34b71c372d7c748fcb379c4ae2902aca3a51","/static/js/2.c389b558.chunk.js.LICENSE.txt":"e7a12cbbcfb1a751ae001cb3102c71085491f3e0bcbe3367ce8752f82b751f8c","/static/js/3.71ad8a57.chunk.js":"fc719623da4eab6797809397737140cc7975417f38c72aa1f45ba77d7a851866","/static/js/main.3ba732da.chunk.js":"4e5159854f33fd395c4b95db2d7b6b112226478b1cec15718284e6e62f2fe23b","/static/js/main.3ba732da.chunk.js.map":"e491a7df902b5020287d1405c992892b644532c033da7d0e7f319b3acabc4312","/static/js/runtime-main.08899d49.js":"e6503f5858416d7df3094ff74e00eb145633cef11f0e15562656470aa74cf065","/static/js/runtime-main.08899d49.js.map":"3e3d2af7149eb23b580c6b5c74ada736a0c3cb5e023aad91cfa3c3ad548b9a20","/static/js/3.71ad8a57.chunk.js.map":"96ee7d35226bb37a1a10859e4b9c6bf5e3bf0a7c41c575f5aa7c4624c35471b4","/static/css/2.20aa2d7b.chunk.css":"75a2c6dab81d45ed881155a1ed15db39204d0b83aa11b1ca0ff0da6beb3689eb","/static/css/2.20aa2d7b.chunk.css.map":"bd89200a4c970231dc311de2e8cc0e7dcc4715e7e6099e4bad323e3b74ddf5e5","/static/js/2.c389b558.chunk.js":"ab1d226360d0fa4c99c0d9c34e2003e28bd61a8e404ec87c7287bb40024c4ce1","/static/js/2.c389b558.chunk.js.map":"430334dc73db5b272643c643d262b8a7570d1ff40533d42e40117e37f700488e"}}
[debug] [2021-01-03T16:26:26.714Z] <<< [apiv2][status] POST https://firebasehosting.googleapis.com/v1beta1/sites/time-table-58e18/versions/6e3182f5878a8571:populateFiles 200
[debug] [2021-01-03T16:26:26.715Z] <<< [apiv2][body] POST https://firebasehosting.googleapis.com/v1beta1/sites/time-table-58e18/versions/6e3182f5878a8571:populateFiles {"uploadRequiredHashes":["75a2c6dab81d45ed881155a1ed15db39204d0b83aa11b1ca0ff0da6beb3689eb","ab1d226360d0fa4c99c0d9c34e2003e28bd61a8e404ec87c7287bb40024c4ce1","654239937648e4cf870825a6cbaa4e32c3a844921a410177c1ab8a870e057605","c599b7a91ab3627e3538125d9f40adc2d4bf949046984262670545dc7738af06","4e5159854f33fd395c4b95db2d7b6b112226478b1cec15718284e6e62f2fe23b","430334dc73db5b272643c643d262b8a7570d1ff40533d42e40117e37f700488e","def8fcfcc2d3ad87ed5937fcd2cd4b92f72bf2e887e85cdd015df7d2f466632b","3e9c4c1793978bbe5cd7d430f8f1bf93b326ac7048de629c14ffb505844ef1f5","e491a7df902b5020287d1405c992892b644532c033da7d0e7f319b3acabc4312","929224df5b20ab039f5fe77852ba34b71c372d7c748fcb379c4ae2902aca3a51","3e3d2af7149eb23b580c6b5c74ada736a0c3cb5e023aad91cfa3c3ad548b9a20","e6503f5858416d7df3094ff74e00eb145633cef11f0e15562656470aa74cf065","96ee7d35226bb37a1a10859e4b9c6bf5e3bf0a7c41c575f5aa7c4624c35471b4","e7a12cbbcfb1a751ae001cb3102c71085491f3e0bcbe3367ce8752f82b751f8c","bd89200a4c970231dc311de2e8cc0e7dcc4715e7e6099e4bad323e3b74ddf5e5","fc719623da4eab6797809397737140cc7975417f38c72aa1f45ba77d7a851866"],"uploadUrl":"https://upload-firebasehosting.googleapis.com/upload/sites/time-table-58e18/versions/6e3182f5878a8571/files"}
[debug] [2021-01-03T16:26:26.734Z] >>> [apiv2][query] POST https://upload-firebasehosting.googleapis.com/upload/sites/time-table-58e18/versions/6e3182f5878a8571/files/75a2c6dab81d45ed881155a1ed15db39204d0b83aa11b1ca0ff0da6beb3689eb [none]
[debug] [2021-01-03T16:26:26.734Z] >>> [apiv2][body] POST https://upload-firebasehosting.googleapis.com/upload/sites/time-table-58e18/versions/6e3182f5878a8571/files/75a2c6dab81d45ed881155a1ed15db39204d0b83aa11b1ca0ff0da6beb3689eb [stream]
[debug] [2021-01-03T16:26:26.737Z] >>> [apiv2][query] POST https://upload-firebasehosting.googleapis.com/upload/sites/time-table-58e18/versions/6e3182f5878a8571/files/ab1d226360d0fa4c99c0d9c34e2003e28bd61a8e404ec87c7287bb40024c4ce1 [none]
[debug] [2021-01-03T16:26:26.737Z] >>> [apiv2][body] POST https://upload-firebasehosting.googleapis.com/upload/sites/time-table-58e18/versions/6e3182f5878a8571/files/ab1d226360d0fa4c99c0d9c34e2003e28bd61a8e404ec87c7287bb40024c4ce1 [stream]
[debug] [2021-01-03T16:26:26.739Z] >>> [apiv2][query] POST https://upload-firebasehosting.googleapis.com/upload/sites/time-table-58e18/versions/6e3182f5878a8571/files/654239937648e4cf870825a6cbaa4e32c3a844921a410177c1ab8a870e057605 [none]
[debug] [2021-01-03T16:26:26.739Z] >>> [apiv2][body] POST https://upload-firebasehosting.googleapis.com/upload/sites/time-table-58e18/versions/6e3182f5878a8571/files/654239937648e4cf870825a6cbaa4e32c3a844921a410177c1ab8a870e057605 [stream]
[debug] [2021-01-03T16:26:26.740Z] >>> [apiv2][query] POST https://upload-firebasehosting.googleapis.com/upload/sites/time-table-58e18/versions/6e3182f5878a8571/files/c599b7a91ab3627e3538125d9f40adc2d4bf949046984262670545dc7738af06 [none]
[debug] [2021-01-03T16:26:26.740Z] >>> [apiv2][body] POST https://upload-firebasehosting.googleapis.com/upload/sites/time-table-58e18/versions/6e3182f5878a8571/files/c599b7a91ab3627e3538125d9f40adc2d4bf949046984262670545dc7738af06 [stream]
[debug] [2021-01-03T16:26:26.741Z] >>> [apiv2][query] POST https://upload-firebasehosting.googleapis.com/upload/sites/time-table-58e18/versions/6e3182f5878a8571/files/4e5159854f33fd395c4b95db2d7b6b112226478b1cec15718284e6e62f2fe23b [none]
[debug] [2021-01-03T16:26:26.741Z] >>> [apiv2][body] POST https://upload-firebasehosting.googleapis.com/upload/sites/time-table-58e18/versions/6e3182f5878a8571/files/4e5159854f33fd395c4b95db2d7b6b112226478b1cec15718284e6e62f2fe23b [stream]
[debug] [2021-01-03T16:26:26.742Z] >>> [apiv2][query] POST https://upload-firebasehosting.googleapis.com/upload/sites/time-table-58e18/versions/6e3182f5878a8571/files/430334dc73db5b272643c643d262b8a7570d1ff40533d42e40117e37f700488e [none]
[debug] [2021-01-03T16:26:26.742Z] >>> [apiv2][body] POST https://upload-firebasehosting.googleapis.com/upload/sites/time-table-58e18/versions/6e3182f5878a8571/files/430334dc73db5b272643c643d262b8a7570d1ff40533d42e40117e37f700488e [stream]
[debug] [2021-01-03T16:26:26.743Z] >>> [apiv2][query] POST https://upload-firebasehosting.googleapis.com/upload/sites/time-table-58e18/versions/6e3182f5878a8571/files/def8fcfcc2d3ad87ed5937fcd2cd4b92f72bf2e887e85cdd015df7d2f466632b [none]
[debug] [2021-01-03T16:26:26.743Z] >>> [apiv2][body] POST https://upload-firebasehosting.googleapis.com/upload/sites/time-table-58e18/versions/6e3182f5878a8571/files/def8fcfcc2d3ad87ed5937fcd2cd4b92f72bf2e887e85cdd015df7d2f466632b [stream]
[debug] [2021-01-03T16:26:26.744Z] >>> [apiv2][query] POST https://upload-firebasehosting.googleapis.com/upload/sites/time-table-58e18/versions/6e3182f5878a8571/files/3e9c4c1793978bbe5cd7d430f8f1bf93b326ac7048de629c14ffb505844ef1f5 [none]
[debug] [2021-01-03T16:26:26.744Z] >>> [apiv2][body] POST https://upload-firebasehosting.googleapis.com/upload/sites/time-table-58e18/versions/6e3182f5878a8571/files/3e9c4c1793978bbe5cd7d430f8f1bf93b326ac7048de629c14ffb505844ef1f5 [stream]
[debug] [2021-01-03T16:26:26.745Z] >>> [apiv2][query] POST https://upload-firebasehosting.googleapis.com/upload/sites/time-table-58e18/versions/6e3182f5878a8571/files/e491a7df902b5020287d1405c992892b644532c033da7d0e7f319b3acabc4312 [none]
[debug] [2021-01-03T16:26:26.745Z] >>> [apiv2][body] POST https://upload-firebasehosting.googleapis.com/upload/sites/time-table-58e18/versions/6e3182f5878a8571/files/e491a7df902b5020287d1405c992892b644532c033da7d0e7f319b3acabc4312 [stream]
[debug] [2021-01-03T16:26:26.746Z] >>> [apiv2][query] POST https://upload-firebasehosting.googleapis.com/upload/sites/time-table-58e18/versions/6e3182f5878a8571/files/929224df5b20ab039f5fe77852ba34b71c372d7c748fcb379c4ae2902aca3a51 [none]
[debug] [2021-01-03T16:26:26.746Z] >>> [apiv2][body] POST https://upload-firebasehosting.googleapis.com/upload/sites/time-table-58e18/versions/6e3182f5878a8571/files/929224df5b20ab039f5fe77852ba34b71c372d7c748fcb379c4ae2902aca3a51 [stream]
[debug] [2021-01-03T16:26:26.747Z] >>> [apiv2][query] POST https://upload-firebasehosting.googleapis.com/upload/sites/time-table-58e18/versions/6e3182f5878a8571/files/3e3d2af7149eb23b580c6b5c74ada736a0c3cb5e023aad91cfa3c3ad548b9a20 [none]
[debug] [2021-01-03T16:26:26.747Z] >>> [apiv2][body] POST https://upload-firebasehosting.googleapis.com/upload/sites/time-table-58e18/versions/6e3182f5878a8571/files/3e3d2af7149eb23b580c6b5c74ada736a0c3cb5e023aad91cfa3c3ad548b9a20 [stream]
[debug] [2021-01-03T16:26:26.754Z] >>> [apiv2][query] POST https://upload-firebasehosting.googleapis.com/upload/sites/time-table-58e18/versions/6e3182f5878a8571/files/e6503f5858416d7df3094ff74e00eb145633cef11f0e15562656470aa74cf065 [none]
[debug] [2021-01-03T16:26:26.754Z] >>> [apiv2][body] POST https://upload-firebasehosting.googleapis.com/upload/sites/time-table-58e18/versions/6e3182f5878a8571/files/e6503f5858416d7df3094ff74e00eb145633cef11f0e15562656470aa74cf065 [stream]
[debug] [2021-01-03T16:26:26.756Z] >>> [apiv2][query] POST https://upload-firebasehosting.googleapis.com/upload/sites/time-table-58e18/versions/6e3182f5878a8571/files/96ee7d35226bb37a1a10859e4b9c6bf5e3bf0a7c41c575f5aa7c4624c35471b4 [none]
[debug] [2021-01-03T16:26:26.756Z] >>> [apiv2][body] POST https://upload-firebasehosting.googleapis.com/upload/sites/time-table-58e18/versions/6e3182f5878a8571/files/96ee7d35226bb37a1a10859e4b9c6bf5e3bf0a7c41c575f5aa7c4624c35471b4 [stream]
[debug] [2021-01-03T16:26:26.757Z] >>> [apiv2][query] POST https://upload-firebasehosting.googleapis.com/upload/sites/time-table-58e18/versions/6e3182f5878a8571/files/e7a12cbbcfb1a751ae001cb3102c71085491f3e0bcbe3367ce8752f82b751f8c [none]
[debug] [2021-01-03T16:26:26.757Z] >>> [apiv2][body] POST https://upload-firebasehosting.googleapis.com/upload/sites/time-table-58e18/versions/6e3182f5878a8571/files/e7a12cbbcfb1a751ae001cb3102c71085491f3e0bcbe3367ce8752f82b751f8c [stream]
[debug] [2021-01-03T16:26:26.758Z] >>> [apiv2][query] POST https://upload-firebasehosting.googleapis.com/upload/sites/time-table-58e18/versions/6e3182f5878a8571/files/bd89200a4c970231dc311de2e8cc0e7dcc4715e7e6099e4bad323e3b74ddf5e5 [none]
[debug] [2021-01-03T16:26:26.758Z] >>> [apiv2][body] POST https://upload-firebasehosting.googleapis.com/upload/sites/time-table-58e18/versions/6e3182f5878a8571/files/bd89200a4c970231dc311de2e8cc0e7dcc4715e7e6099e4bad323e3b74ddf5e5 [stream]
[debug] [2021-01-03T16:26:26.759Z] >>> [apiv2][query] POST https://upload-firebasehosting.googleapis.com/upload/sites/time-table-58e18/versions/6e3182f5878a8571/files/fc719623da4eab6797809397737140cc7975417f38c72aa1f45ba77d7a851866 [none]
[debug] [2021-01-03T16:26:26.759Z] >>> [apiv2][body] POST https://upload-firebasehosting.googleapis.com/upload/sites/time-table-58e18/versions/6e3182f5878a8571/files/fc719623da4eab6797809397737140cc7975417f38c72aa1f45ba77d7a851866 [stream]
[debug] [2021-01-03T16:26:26.760Z] [hosting][populate queue][FINAL] {"max":3142,"min":3142,"avg":3142,"active":0,"complete":1,"success":1,"errored":0,"retried":0,"total":1,"elapsed":3168}
[debug] [2021-01-03T16:26:26.760Z] [hosting] uploads queued: 16
[debug] [2021-01-03T16:26:28.747Z] <<< [apiv2][status] POST https://upload-firebasehosting.googleapis.com/upload/sites/time-table-58e18/versions/6e3182f5878a8571/files/654239937648e4cf870825a6cbaa4e32c3a844921a410177c1ab8a870e057605 200
[debug] [2021-01-03T16:26:28.748Z] <<< [apiv2][body] POST https://upload-firebasehosting.googleapis.com/upload/sites/time-table-58e18/versions/6e3182f5878a8571/files/654239937648e4cf870825a6cbaa4e32c3a844921a410177c1ab8a870e057605 [stream]
[debug] [2021-01-03T16:26:28.911Z] <<< [apiv2][status] POST https://upload-firebasehosting.googleapis.com/upload/sites/time-table-58e18/versions/6e3182f5878a8571/files/e491a7df902b5020287d1405c992892b644532c033da7d0e7f319b3acabc4312 200
[debug] [2021-01-03T16:26:28.912Z] <<< [apiv2][body] POST https://upload-firebasehosting.googleapis.com/upload/sites/time-table-58e18/versions/6e3182f5878a8571/files/e491a7df902b5020287d1405c992892b644532c033da7d0e7f319b3acabc4312 [stream]
[debug] [2021-01-03T16:26:28.915Z] <<< [apiv2][status] POST https://upload-firebasehosting.googleapis.com/upload/sites/time-table-58e18/versions/6e3182f5878a8571/files/3e9c4c1793978bbe5cd7d430f8f1bf93b326ac7048de629c14ffb505844ef1f5 200
[debug] [2021-01-03T16:26:28.916Z] <<< [apiv2][body] POST https://upload-firebasehosting.googleapis.com/upload/sites/time-table-58e18/versions/6e3182f5878a8571/files/3e9c4c1793978bbe5cd7d430f8f1bf93b326ac7048de629c14ffb505844ef1f5 [stream]
[debug] [2021-01-03T16:26:28.918Z] <<< [apiv2][status] POST https://upload-firebasehosting.googleapis.com/upload/sites/time-table-58e18/versions/6e3182f5878a8571/files/def8fcfcc2d3ad87ed5937fcd2cd4b92f72bf2e887e85cdd015df7d2f466632b 200
[debug] [2021-01-03T16:26:28.918Z] <<< [apiv2][body] POST https://upload-firebasehosting.googleapis.com/upload/sites/time-table-58e18/versions/6e3182f5878a8571/files/def8fcfcc2d3ad87ed5937fcd2cd4b92f72bf2e887e85cdd015df7d2f466632b [stream]
[debug] [2021-01-03T16:26:28.920Z] <<< [apiv2][status] POST https://upload-firebasehosting.googleapis.com/upload/sites/time-table-58e18/versions/6e3182f5878a8571/files/96ee7d35226bb37a1a10859e4b9c6bf5e3bf0a7c41c575f5aa7c4624c35471b4 200
[debug] [2021-01-03T16:26:28.920Z] <<< [apiv2][body] POST https://upload-firebasehosting.googleapis.com/upload/sites/time-table-58e18/versions/6e3182f5878a8571/files/96ee7d35226bb37a1a10859e4b9c6bf5e3bf0a7c41c575f5aa7c4624c35471b4 [stream]
[debug] [2021-01-03T16:26:28.927Z] <<< [apiv2][status] POST https://upload-firebasehosting.googleapis.com/upload/sites/time-table-58e18/versions/6e3182f5878a8571/files/e6503f5858416d7df3094ff74e00eb145633cef11f0e15562656470aa74cf065 200
[debug] [2021-01-03T16:26:28.928Z] <<< [apiv2][body] POST https://upload-firebasehosting.googleapis.com/upload/sites/time-table-58e18/versions/6e3182f5878a8571/files/e6503f5858416d7df3094ff74e00eb145633cef11f0e15562656470aa74cf065 [stream]
[debug] [2021-01-03T16:26:28.933Z] <<< [apiv2][status] POST https://upload-firebasehosting.googleapis.com/upload/sites/time-table-58e18/versions/6e3182f5878a8571/files/fc719623da4eab6797809397737140cc7975417f38c72aa1f45ba77d7a851866 200
[debug] [2021-01-03T16:26:28.934Z] <<< [apiv2][body] POST https://upload-firebasehosting.googleapis.com/upload/sites/time-table-58e18/versions/6e3182f5878a8571/files/fc719623da4eab6797809397737140cc7975417f38c72aa1f45ba77d7a851866 [stream]
[debug] [2021-01-03T16:26:28.939Z] <<< [apiv2][status] POST https://upload-firebasehosting.googleapis.com/upload/sites/time-table-58e18/versions/6e3182f5878a8571/files/4e5159854f33fd395c4b95db2d7b6b112226478b1cec15718284e6e62f2fe23b 200
[debug] [2021-01-03T16:26:28.939Z] <<< [apiv2][body] POST https://upload-firebasehosting.googleapis.com/upload/sites/time-table-58e18/versions/6e3182f5878a8571/files/4e5159854f33fd395c4b95db2d7b6b112226478b1cec15718284e6e62f2fe23b [stream]
[debug] [2021-01-03T16:26:28.979Z] <<< [apiv2][status] POST https://upload-firebasehosting.googleapis.com/upload/sites/time-table-58e18/versions/6e3182f5878a8571/files/3e3d2af7149eb23b580c6b5c74ada736a0c3cb5e023aad91cfa3c3ad548b9a20 200
[debug] [2021-01-03T16:26:28.979Z] <<< [apiv2][body] POST https://upload-firebasehosting.googleapis.com/upload/sites/time-table-58e18/versions/6e3182f5878a8571/files/3e3d2af7149eb23b580c6b5c74ada736a0c3cb5e023aad91cfa3c3ad548b9a20 [stream]
[debug] [2021-01-03T16:26:28.991Z] <<< [apiv2][status] POST https://upload-firebasehosting.googleapis.com/upload/sites/time-table-58e18/versions/6e3182f5878a8571/files/75a2c6dab81d45ed881155a1ed15db39204d0b83aa11b1ca0ff0da6beb3689eb 200
[debug] [2021-01-03T16:26:28.992Z] <<< [apiv2][body] POST https://upload-firebasehosting.googleapis.com/upload/sites/time-table-58e18/versions/6e3182f5878a8571/files/75a2c6dab81d45ed881155a1ed15db39204d0b83aa11b1ca0ff0da6beb3689eb [stream]
[debug] [2021-01-03T16:26:28.995Z] <<< [apiv2][status] POST https://upload-firebasehosting.googleapis.com/upload/sites/time-table-58e18/versions/6e3182f5878a8571/files/e7a12cbbcfb1a751ae001cb3102c71085491f3e0bcbe3367ce8752f82b751f8c 200
[debug] [2021-01-03T16:26:28.996Z] <<< [apiv2][body] POST https://upload-firebasehosting.googleapis.com/upload/sites/time-table-58e18/versions/6e3182f5878a8571/files/e7a12cbbcfb1a751ae001cb3102c71085491f3e0bcbe3367ce8752f82b751f8c [stream]
[debug] [2021-01-03T16:26:29.022Z] <<< [apiv2][status] POST https://upload-firebasehosting.googleapis.com/upload/sites/time-table-58e18/versions/6e3182f5878a8571/files/929224df5b20ab039f5fe77852ba34b71c372d7c748fcb379c4ae2902aca3a51 200
[debug] [2021-01-03T16:26:29.023Z] <<< [apiv2][body] POST https://upload-firebasehosting.googleapis.com/upload/sites/time-table-58e18/versions/6e3182f5878a8571/files/929224df5b20ab039f5fe77852ba34b71c372d7c748fcb379c4ae2902aca3a51 [stream]
[debug] [2021-01-03T16:26:29.617Z] <<< [apiv2][status] POST https://upload-firebasehosting.googleapis.com/upload/sites/time-table-58e18/versions/6e3182f5878a8571/files/c599b7a91ab3627e3538125d9f40adc2d4bf949046984262670545dc7738af06 200
[debug] [2021-01-03T16:26:29.618Z] <<< [apiv2][body] POST https://upload-firebasehosting.googleapis.com/upload/sites/time-table-58e18/versions/6e3182f5878a8571/files/c599b7a91ab3627e3538125d9f40adc2d4bf949046984262670545dc7738af06 [stream]
[debug] [2021-01-03T16:26:29.795Z] <<< [apiv2][status] POST https://upload-firebasehosting.googleapis.com/upload/sites/time-table-58e18/versions/6e3182f5878a8571/files/bd89200a4c970231dc311de2e8cc0e7dcc4715e7e6099e4bad323e3b74ddf5e5 200
[debug] [2021-01-03T16:26:29.796Z] <<< [apiv2][body] POST https://upload-firebasehosting.googleapis.com/upload/sites/time-table-58e18/versions/6e3182f5878a8571/files/bd89200a4c970231dc311de2e8cc0e7dcc4715e7e6099e4bad323e3b74ddf5e5 [stream]
[debug] [2021-01-03T16:26:30.547Z] <<< [apiv2][status] POST https://upload-firebasehosting.googleapis.com/upload/sites/time-table-58e18/versions/6e3182f5878a8571/files/ab1d226360d0fa4c99c0d9c34e2003e28bd61a8e404ec87c7287bb40024c4ce1 200
[debug] [2021-01-03T16:26:30.548Z] <<< [apiv2][body] POST https://upload-firebasehosting.googleapis.com/upload/sites/time-table-58e18/versions/6e3182f5878a8571/files/ab1d226360d0fa4c99c0d9c34e2003e28bd61a8e404ec87c7287bb40024c4ce1 [stream]
[debug] [2021-01-03T16:26:32.114Z] <<< [apiv2][status] POST https://upload-firebasehosting.googleapis.com/upload/sites/time-table-58e18/versions/6e3182f5878a8571/files/430334dc73db5b272643c643d262b8a7570d1ff40533d42e40117e37f700488e 200
[debug] [2021-01-03T16:26:32.115Z] <<< [apiv2][body] POST https://upload-firebasehosting.googleapis.com/upload/sites/time-table-58e18/versions/6e3182f5878a8571/files/430334dc73db5b272643c643d262b8a7570d1ff40533d42e40117e37f700488e [stream]
[debug] [2021-01-03T16:26:32.115Z] [hosting][upload queue][FINAL] {"max":5390,"min":2026,"avg":2603.375,"active":0,"complete":16,"success":16,"errored":0,"retried":0,"total":16,"elapsed":5399}
[info] ✔  hosting[time-table-58e18]: file upload complete 
[debug] [2021-01-03T16:26:32.118Z] [hosting] deploy completed after 10005ms
[debug] [2021-01-03T16:26:32.474Z] [
  {
    "config": {
      "public": "build",
      "ignore": [
        "firebase.json",
        "**/.*",
        "**/node_modules/**"
      ],
      "rewrites": [
        {
          "source": "**",
          "destination": "/index.html"
        }
      ],
      "site": "time-table-58e18"
    },
    "site": "time-table-58e18",
    "version": "sites/time-table-58e18/versions/6e3182f5878a8571"
  }
]
[info] i  hosting[time-table-58e18]: finalizing version... 
[debug] [2021-01-03T16:26:32.477Z] > refreshing access token with scopes: ["email","https://www.googleapis.com/auth/cloud-platform","https://www.googleapis.com/auth/cloudplatformprojects.readonly","https://www.googleapis.com/auth/firebase","openid"]
[debug] [2021-01-03T16:26:32.479Z] >>> HTTP REQUEST POST https://www.googleapis.com/oauth2/v3/token  
 <request body omitted>
[debug] [2021-01-03T16:26:32.831Z] <<< HTTP RESPONSE 200 {"pragma":"no-cache","expires":"Mon, 01 Jan 1990 00:00:00 GMT","cache-control":"no-cache, no-store, max-age=0, must-revalidate","date":"Sun, 03 Jan 2021 16:26:32 GMT","content-type":"application/json; charset=utf-8","vary":"X-Origin, Referer, Origin,Accept-Encoding","server":"scaffolding on HTTPServer2","x-xss-protection":"0","x-frame-options":"SAMEORIGIN","x-content-type-options":"nosniff","alt-svc":"h3-29=\":443\"; ma=2592000,h3-T051=\":443\"; ma=2592000,h3-Q050=\":443\"; ma=2592000,h3-Q046=\":443\"; ma=2592000,h3-Q043=\":443\"; ma=2592000,quic=\":443\"; ma=2592000; v=\"46,43\"","accept-ranges":"none","transfer-encoding":"chunked"}
[debug] [2021-01-03T16:26:32.919Z] >>> HTTP REQUEST PATCH https://firebasehosting.googleapis.com/v1beta1/sites/time-table-58e18/versions/6e3182f5878a8571?updateMask=status  
 {"status":"FINALIZED"}
[debug] [2021-01-03T16:26:34.681Z] <<< HTTP RESPONSE 200 {"content-type":"application/json; charset=UTF-8","vary":"X-Origin, Referer, Origin,Accept-Encoding","date":"Sun, 03 Jan 2021 16:26:34 GMT","server":"ESF","cache-control":"private","x-xss-protection":"0","x-frame-options":"SAMEORIGIN","x-content-type-options":"nosniff","alt-svc":"h3-29=\":443\"; ma=2592000,h3-T051=\":443\"; ma=2592000,h3-Q050=\":443\"; ma=2592000,h3-Q046=\":443\"; ma=2592000,h3-Q043=\":443\"; ma=2592000,quic=\":443\"; ma=2592000; v=\"46,43\"","accept-ranges":"none","transfer-encoding":"chunked"}
[debug] [2021-01-03T16:26:34.683Z] [hosting] finalized version for time-table-58e18: {"name":"sites/time-table-58e18/versions/6e3182f5878a8571","status":"FINALIZED","config":{"rewrites":[{"glob":"**","path":"/index.html"}]},"labels":{"deployment-tool":"cli-firebase"},"createTime":"2021-01-03T16:26:21.358925Z","createUser":{"email":"avinashkumar.cs17@bitsathy.ac.in"},"finalizeTime":"2021-01-03T16:26:34.464891Z","finalizeUser":{"email":"avinashkumar.cs17@bitsathy.ac.in"}}
[info] ✔  hosting[time-table-58e18]: version finalized 
[info] i  hosting[time-table-58e18]: releasing new version... 
[debug] [2021-01-03T16:26:34.686Z] >>> HTTP REQUEST POST https://firebasehosting.googleapis.com/v1beta1/sites/time-table-58e18/releases?version_name=sites/time-table-58e18/versions/6e3182f5878a8571  
 {"message":null}
[debug] [2021-01-03T16:26:36.259Z] <<< HTTP RESPONSE 200 {"content-type":"application/json; charset=UTF-8","vary":"X-Origin, Referer, Origin,Accept-Encoding","date":"Sun, 03 Jan 2021 16:26:36 GMT","server":"ESF","cache-control":"private","x-xss-protection":"0","x-frame-options":"SAMEORIGIN","x-content-type-options":"nosniff","alt-svc":"h3-29=\":443\"; ma=2592000,h3-T051=\":443\"; ma=2592000,h3-Q050=\":443\"; ma=2592000,h3-Q046=\":443\"; ma=2592000,h3-Q043=\":443\"; ma=2592000,quic=\":443\"; ma=2592000; v=\"46,43\"","accept-ranges":"none","transfer-encoding":"chunked"}
[debug] [2021-01-03T16:26:36.265Z] [hosting] release: {"name":"sites/time-table-58e18/releases/1609691195479356","version":{"name":"sites/time-table-58e18/versions/6e3182f5878a8571","status":"FINALIZED","config":{"rewrites":[{"glob":"**","path":"/index.html"}]},"labels":{"deployment-tool":"cli-firebase"},"createTime":"2021-01-03T16:26:21.358925Z","createUser":{"email":"avinashkumar.cs17@bitsathy.ac.in"},"finalizeTime":"2021-01-03T16:26:34.464891Z","finalizeUser":{"email":"avinashkumar.cs17@bitsathy.ac.in"},"preview":{}},"type":"DEPLOY","releaseTime":"2021-01-03T16:26:35.479356540Z","releaseUser":{"email":"avinashkumar.cs17@bitsathy.ac.in"}}
[info] ✔  hosting[time-table-58e18]: release complete 
[info] 
[info] ✔  Deploy complete! 
[info] 
[info] Project Console: https://console.firebase.google.com/project/time-table-58e18/overview
[info] Hosting URL: https://time-table-58e18.web.app
